-------------------------------------------------------------------------------
Test set: au.com.anuj.planit.api.PlanItApiApplicationTests
-------------------------------------------------------------------------------
Tests run: 1, Failures: 0, Errors: 1, Skipped: 0, Time elapsed: 2.629 s <<< FAILURE! - in au.com.anuj.planit.api.PlanItApiApplicationTests
contextLoads(au.com.anuj.planit.api.PlanItApiApplicationTests)  Time elapsed: 0.001 s  <<< ERROR!
java.lang.IllegalStateException: Failed to load ApplicationContext
Caused by: org.springframework.beans.factory.BeanCreationException: Error creating bean with name 'entityManagerFactory' defined in class path resource [org/springframework/boot/autoconfigure/orm/jpa/HibernateJpaConfiguration.class]: Invocation of init method failed; nested exception is org.hibernate.boot.registry.classloading.spi.ClassLoadingException: Unable to load class [au.com.anuj.persistance.models.Customer]
Caused by: org.hibernate.boot.registry.classloading.spi.ClassLoadingException: Unable to load class [au.com.anuj.persistance.models.Customer]
Caused by: java.lang.ClassNotFoundException: Could not load requested class : au.com.anuj.persistance.models.Customer

